[0.004s] Invoking command in '/home/researcher/ur5_test/build/robotiq_hande_driver': AMENT_PREFIX_PATH=/home/researcher/ur5_test/install/robotiq_hande_description:${AMENT_PREFIX_PATH} CMAKE_PREFIX_PATH=/home/researcher/ur5_test/install/robotiq_hande_description:/opt/ros/jazzy/opt/sdformat_vendor:/opt/ros/jazzy/opt/gz_math_vendor:/opt/ros/jazzy/opt/gz_utils_vendor:/opt/ros/jazzy/opt/gz_tools_vendor:/opt/ros/jazzy/opt/gz_cmake_vendor:/opt/ros/jazzy DEBUGINFOD_URLS=https://debuginfod.ubuntu.com /usr/bin/cmake --build /home/researcher/ur5_test/build/robotiq_hande_driver -- -j16 -l16
[0.043s] [ 13%] Built target communication_test
[0.045s] [ 33%] Built target gmock
[0.046s] [ 46%] Built target gmock_main
[0.050s] [ 86%] Built target robotiq_hande_driver
[0.071s] [100%] Built target test_load_hw_interface
[0.080s] Invoked command in '/home/researcher/ur5_test/build/robotiq_hande_driver' returned '0': AMENT_PREFIX_PATH=/home/researcher/ur5_test/install/robotiq_hande_description:${AMENT_PREFIX_PATH} CMAKE_PREFIX_PATH=/home/researcher/ur5_test/install/robotiq_hande_description:/opt/ros/jazzy/opt/sdformat_vendor:/opt/ros/jazzy/opt/gz_math_vendor:/opt/ros/jazzy/opt/gz_utils_vendor:/opt/ros/jazzy/opt/gz_tools_vendor:/opt/ros/jazzy/opt/gz_cmake_vendor:/opt/ros/jazzy DEBUGINFOD_URLS=https://debuginfod.ubuntu.com /usr/bin/cmake --build /home/researcher/ur5_test/build/robotiq_hande_driver -- -j16 -l16
[0.080s] Invoking command in '/home/researcher/ur5_test/build/robotiq_hande_driver': AMENT_PREFIX_PATH=/home/researcher/ur5_test/install/robotiq_hande_description:${AMENT_PREFIX_PATH} CMAKE_PREFIX_PATH=/home/researcher/ur5_test/install/robotiq_hande_description:/opt/ros/jazzy/opt/sdformat_vendor:/opt/ros/jazzy/opt/gz_math_vendor:/opt/ros/jazzy/opt/gz_utils_vendor:/opt/ros/jazzy/opt/gz_tools_vendor:/opt/ros/jazzy/opt/gz_cmake_vendor:/opt/ros/jazzy DEBUGINFOD_URLS=https://debuginfod.ubuntu.com /usr/bin/cmake --install /home/researcher/ur5_test/build/robotiq_hande_driver
[0.086s] -- Install configuration: ""
[0.086s] -- Execute custom install script
[0.086s] -- Up-to-date symlink: /home/researcher/ur5_test/install/robotiq_hande_driver/share/robotiq_hande_driver//ros2_control_plugin.xml
[0.086s] -- Up-to-date symlink: /home/researcher/ur5_test/install/robotiq_hande_driver/include//robotiq_hande_driver/communication.hpp
[0.087s] -- Up-to-date symlink: /home/researcher/ur5_test/install/robotiq_hande_driver/include//robotiq_hande_driver/hande_gripper.hpp
[0.087s] -- Up-to-date symlink: /home/researcher/ur5_test/install/robotiq_hande_driver/include//robotiq_hande_driver/hande_hardware_interface.hpp
[0.087s] -- Up-to-date symlink: /home/researcher/ur5_test/install/robotiq_hande_driver/include//robotiq_hande_driver/protocol_logic.hpp
[0.087s] -- Up-to-date symlink: /home/researcher/ur5_test/install/robotiq_hande_driver/include//robotiq_hande_driver/socat_manager.hpp
[0.087s] -- Up-to-date symlink: /home/researcher/ur5_test/install/robotiq_hande_driver/include//robotiq_hande_driver/utils.hpp
[0.087s] -- Up-to-date symlink: /home/researcher/ur5_test/install/robotiq_hande_driver/share/robotiq_hande_driver/bringup/config/hande_controller.yaml
[0.087s] -- Up-to-date symlink: /home/researcher/ur5_test/install/robotiq_hande_driver/share/robotiq_hande_driver/bringup/config/rviz_preview.rviz
[0.087s] -- Up-to-date symlink: /home/researcher/ur5_test/install/robotiq_hande_driver/share/robotiq_hande_driver/bringup/launch/gripper_controller_preview.launch.py
[0.087s] -- Up-to-date symlink: /home/researcher/ur5_test/install/robotiq_hande_driver/share/robotiq_hande_driver/environment/library_path.sh
[0.087s] -- Up-to-date symlink: /home/researcher/ur5_test/install/robotiq_hande_driver/share/robotiq_hande_driver/environment/library_path.dsv
[0.088s] -- Up-to-date symlink: /home/researcher/ur5_test/install/robotiq_hande_driver/share/ament_index/resource_index/package_run_dependencies/robotiq_hande_driver
[0.088s] -- Up-to-date symlink: /home/researcher/ur5_test/install/robotiq_hande_driver/share/ament_index/resource_index/parent_prefix_path/robotiq_hande_driver
[0.088s] -- Up-to-date symlink: /home/researcher/ur5_test/install/robotiq_hande_driver/share/robotiq_hande_driver/environment/ament_prefix_path.sh
[0.088s] -- Up-to-date symlink: /home/researcher/ur5_test/install/robotiq_hande_driver/share/robotiq_hande_driver/environment/ament_prefix_path.dsv
[0.088s] -- Up-to-date symlink: /home/researcher/ur5_test/install/robotiq_hande_driver/share/robotiq_hande_driver/environment/path.sh
[0.088s] -- Up-to-date symlink: /home/researcher/ur5_test/install/robotiq_hande_driver/share/robotiq_hande_driver/environment/path.dsv
[0.088s] -- Up-to-date symlink: /home/researcher/ur5_test/install/robotiq_hande_driver/share/robotiq_hande_driver/local_setup.bash
[0.088s] -- Up-to-date symlink: /home/researcher/ur5_test/install/robotiq_hande_driver/share/robotiq_hande_driver/local_setup.sh
[0.088s] -- Up-to-date symlink: /home/researcher/ur5_test/install/robotiq_hande_driver/share/robotiq_hande_driver/local_setup.zsh
[0.088s] -- Up-to-date symlink: /home/researcher/ur5_test/install/robotiq_hande_driver/share/robotiq_hande_driver/local_setup.dsv
[0.088s] -- Symlinking: /home/researcher/ur5_test/install/robotiq_hande_driver/share/robotiq_hande_driver/package.dsv
[0.095s] -- Up-to-date symlink: /home/researcher/ur5_test/install/robotiq_hande_driver/share/ament_index/resource_index/packages/robotiq_hande_driver
[0.095s] -- Up-to-date symlink: /home/researcher/ur5_test/install/robotiq_hande_driver/share/ament_index/resource_index/hardware_interface__pluginlib__plugin/robotiq_hande_driver
[0.096s] -- Up-to-date symlink: /home/researcher/ur5_test/install/robotiq_hande_driver/share/robotiq_hande_driver/cmake/ament_cmake_export_targets-extras.cmake
[0.096s] -- Up-to-date symlink: /home/researcher/ur5_test/install/robotiq_hande_driver/share/robotiq_hande_driver/cmake/ament_cmake_export_dependencies-extras.cmake
[0.096s] -- Up-to-date symlink: /home/researcher/ur5_test/install/robotiq_hande_driver/share/robotiq_hande_driver/cmake/robotiq_hande_driverConfig.cmake
[0.096s] -- Up-to-date symlink: /home/researcher/ur5_test/install/robotiq_hande_driver/share/robotiq_hande_driver/cmake/robotiq_hande_driverConfig-version.cmake
[0.096s] -- Up-to-date symlink: /home/researcher/ur5_test/install/robotiq_hande_driver/share/robotiq_hande_driver/package.xml
[0.096s] -- Up-to-date: /home/researcher/ur5_test/install/robotiq_hande_driver/lib/librobotiq_hande_driver.so
[0.096s] -- Up-to-date: /home/researcher/ur5_test/install/robotiq_hande_driver/share/robotiq_hande_driver/cmake/export_robotiq_hande_driverExport.cmake
[0.096s] -- Up-to-date: /home/researcher/ur5_test/install/robotiq_hande_driver/share/robotiq_hande_driver/cmake/export_robotiq_hande_driverExport-noconfig.cmake
[0.098s] Invoked command in '/home/researcher/ur5_test/build/robotiq_hande_driver' returned '0': AMENT_PREFIX_PATH=/home/researcher/ur5_test/install/robotiq_hande_description:${AMENT_PREFIX_PATH} CMAKE_PREFIX_PATH=/home/researcher/ur5_test/install/robotiq_hande_description:/opt/ros/jazzy/opt/sdformat_vendor:/opt/ros/jazzy/opt/gz_math_vendor:/opt/ros/jazzy/opt/gz_utils_vendor:/opt/ros/jazzy/opt/gz_tools_vendor:/opt/ros/jazzy/opt/gz_cmake_vendor:/opt/ros/jazzy DEBUGINFOD_URLS=https://debuginfod.ubuntu.com /usr/bin/cmake --install /home/researcher/ur5_test/build/robotiq_hande_driver
