-- The C compiler identification is GNU 13.3.0
-- The CXX compiler identification is GNU 13.3.0
-- Detecting C compiler ABI info
-- Detecting C compiler ABI info - done
-- Check for working C compiler: /usr/bin/cc - skipped
-- Detecting C compile features
-- Detecting C compile features - done
-- Detecting CXX compiler ABI info
-- Detecting CXX compiler ABI info - done
-- Check for working CXX compiler: /usr/bin/c++ - skipped
-- Detecting CXX compile features
-- Detecting CXX compile features - done
-- Found ament_cmake: 2.5.6 (/opt/ros/jazzy/share/ament_cmake/cmake)
-- Found Python3: /usr/bin/python3 (found version "3.12.3") found components: Interpreter 
-- Override CMake install command with custom implementation using symlinks instead of copying resources
-- Configuring done (0.6s)
-- Generating done (0.0s)
-- Build files have been written to: /home/researcher/ur5_test/build/robotiq_hande_description
-- Install configuration: ""
-- Execute custom install script
-- Symlinking: /home/researcher/ur5_test/install/robotiq_hande_description/share/robotiq_hande_description/launch/display.launch.py
-- Symlinking: /home/researcher/ur5_test/install/robotiq_hande_description/share/robotiq_hande_description/meshes/finger.dae
-- Symlinking: /home/researcher/ur5_test/install/robotiq_hande_description/share/robotiq_hande_description/meshes/finger_collision.dae
-- Symlinking: /home/researcher/ur5_test/install/robotiq_hande_description/share/robotiq_hande_description/meshes/hande.dae
-- Symlinking: /home/researcher/ur5_test/install/robotiq_hande_description/share/robotiq_hande_description/meshes/io_coupler.dae
-- Symlinking: /home/researcher/ur5_test/install/robotiq_hande_description/share/robotiq_hande_description/rviz/urdf.rviz
-- Symlinking: /home/researcher/ur5_test/install/robotiq_hande_description/share/robotiq_hande_description/urdf/cylinder_inertial.xacro
-- Symlinking: /home/researcher/ur5_test/install/robotiq_hande_description/share/robotiq_hande_description/urdf/robotiq_hande_gripper.ros2_control.xacro
-- Symlinking: /home/researcher/ur5_test/install/robotiq_hande_description/share/robotiq_hande_description/urdf/robotiq_hande_gripper.urdf.xacro
-- Symlinking: /home/researcher/ur5_test/install/robotiq_hande_description/share/robotiq_hande_description/urdf/robotiq_hande_gripper.xacro
-- Symlinking: /home/researcher/ur5_test/install/robotiq_hande_description/share/ament_index/resource_index/package_run_dependencies/robotiq_hande_description
-- Symlinking: /home/researcher/ur5_test/install/robotiq_hande_description/share/ament_index/resource_index/parent_prefix_path/robotiq_hande_description
-- Symlinking: /home/researcher/ur5_test/install/robotiq_hande_description/share/robotiq_hande_description/environment/ament_prefix_path.sh
-- Symlinking: /home/researcher/ur5_test/install/robotiq_hande_description/share/robotiq_hande_description/environment/ament_prefix_path.dsv
-- Symlinking: /home/researcher/ur5_test/install/robotiq_hande_description/share/robotiq_hande_description/environment/path.sh
-- Symlinking: /home/researcher/ur5_test/install/robotiq_hande_description/share/robotiq_hande_description/environment/path.dsv
-- Symlinking: /home/researcher/ur5_test/install/robotiq_hande_description/share/robotiq_hande_description/local_setup.bash
-- Symlinking: /home/researcher/ur5_test/install/robotiq_hande_description/share/robotiq_hande_description/local_setup.sh
-- Symlinking: /home/researcher/ur5_test/install/robotiq_hande_description/share/robotiq_hande_description/local_setup.zsh
-- Symlinking: /home/researcher/ur5_test/install/robotiq_hande_description/share/robotiq_hande_description/local_setup.dsv
-- Symlinking: /home/researcher/ur5_test/install/robotiq_hande_description/share/robotiq_hande_description/package.dsv
-- Symlinking: /home/researcher/ur5_test/install/robotiq_hande_description/share/ament_index/resource_index/packages/robotiq_hande_description
-- Symlinking: /home/researcher/ur5_test/install/robotiq_hande_description/share/robotiq_hande_description/cmake/robotiq_hande_descriptionConfig.cmake
-- Symlinking: /home/researcher/ur5_test/install/robotiq_hande_description/share/robotiq_hande_description/cmake/robotiq_hande_descriptionConfig-version.cmake
-- Symlinking: /home/researcher/ur5_test/install/robotiq_hande_description/share/robotiq_hande_description/package.xml
