-- The C compiler identification is GNU 13.3.0
-- The CXX compiler identification is GNU 13.3.0
-- Detecting C compiler ABI info
-- Detecting C compiler ABI info - done
-- Check for working C compiler: /usr/bin/cc - skipped
-- Detecting C compile features
-- Detecting C compile features - done
-- Detecting CXX compiler ABI info
-- Detecting CXX compiler ABI info - done
-- Check for working CXX compiler: /usr/bin/c++ - skipped
-- Detecting CXX compile features
-- Detecting CXX compile features - done
-- Found PkgConfig: /usr/bin/pkg-config (found version "1.8.1") 
-- Checking for module 'libmodbus'
--   Found libmodbus, version 3.1.10
-- Found ament_cmake: 2.5.6 (/opt/ros/jazzy/share/ament_cmake/cmake)
-- Found Python3: /usr/bin/python3 (found version "3.12.3") found components: Interpreter 
-- Override CMake install command with custom implementation using symlinks instead of copying resources
-- Found hardware_interface: 4.44.0 (/opt/ros/jazzy/share/hardware_interface/cmake)
-- Found rosidl_generator_c: 4.6.7 (/opt/ros/jazzy/share/rosidl_generator_c/cmake)
-- Found rosidl_generator_cpp: 4.6.7 (/opt/ros/jazzy/share/rosidl_generator_cpp/cmake)
-- Using all available rosidl_typesupport_c: rosidl_typesupport_fastrtps_c;rosidl_typesupport_introspection_c
-- Using all available rosidl_typesupport_cpp: rosidl_typesupport_fastrtps_cpp;rosidl_typesupport_introspection_cpp
-- Found TinyXML2 via Config file: /usr/lib/x86_64-linux-gnu/cmake/tinyxml2
-- Found rmw_implementation_cmake: 7.3.3 (/opt/ros/jazzy/share/rmw_implementation_cmake/cmake)
-- Found rmw_fastrtps_cpp: 8.4.3 (/opt/ros/jazzy/share/rmw_fastrtps_cpp/cmake)
-- Found TinyXML2 via Config file: /usr/lib/x86_64-linux-gnu/cmake/tinyxml2
-- Found OpenSSL: /usr/lib/x86_64-linux-gnu/libcrypto.so (found version "3.0.13")  
-- Found TinyXML2 via Config file: /usr/lib/x86_64-linux-gnu/cmake/tinyxml2
-- Found FastRTPS: /opt/ros/jazzy/include (Required is at least version "2.13") 
-- Found TinyXML2 via Config file: /usr/lib/x86_64-linux-gnu/cmake/tinyxml2
-- Found TinyXML2 via Config file: /usr/lib/x86_64-linux-gnu/cmake/tinyxml2
-- Using RMW implementation 'rmw_fastrtps_cpp' as default
-- Found ament_cmake_gmock: 2.5.6 (/opt/ros/jazzy/share/ament_cmake_gmock/cmake)
-- Found ros2_control_test_assets: 4.44.0 (/opt/ros/jazzy/share/ros2_control_test_assets/cmake)
-- Found gmock sources under '/opt/ros/jazzy/src/gmock_vendor': C++ tests using 'Google Mock' will be built
-- Found ament_cmake_gtest: 2.5.6 (/opt/ros/jazzy/share/ament_cmake_gtest/cmake)
-- Found gtest sources under '/opt/ros/jazzy/src/gtest_vendor': C++ tests using 'Google Test' will be built
-- Configuring done (1.4s)
-- Generating done (0.0s)
-- Build files have been written to: /home/researcher/ur5_test/build/robotiq_hande_driver
[ 20%] [32mBuilding CXX object CMakeFiles/robotiq_hande_driver.dir/hardware/src/hande_hardware_interface.cpp.o[0m
[ 20%] [32mBuilding CXX object CMakeFiles/communication_test.dir/test/communication_test.cpp.o[0m
[ 20%] [32mBuilding CXX object gmock/CMakeFiles/gmock.dir/opt/ros/jazzy/src/gtest_vendor/src/gtest-all.cc.o[0m
[ 26%] [32mBuilding CXX object gmock/CMakeFiles/gmock_main.dir/src/gmock_main.cc.o[0m
[ 33%] [32mBuilding CXX object CMakeFiles/robotiq_hande_driver.dir/hardware/src/communication.cpp.o[0m
[ 40%] [32mBuilding CXX object gmock/CMakeFiles/gmock.dir/src/gmock-all.cc.o[0m
[ 46%] [32mBuilding CXX object CMakeFiles/robotiq_hande_driver.dir/hardware/src/protocol_logic.cpp.o[0m
[ 53%] [32mBuilding CXX object CMakeFiles/robotiq_hande_driver.dir/hardware/src/hande_gripper.cpp.o[0m
[ 60%] [32mBuilding CXX object CMakeFiles/robotiq_hande_driver.dir/hardware/src/socat_manager.cpp.o[0m
[ 66%] [32m[1mLinking CXX executable communication_test[0m
[ 66%] Built target communication_test
[ 73%] [32m[1mLinking CXX static library libgmock_main.a[0m
[ 73%] Built target gmock_main
[ 80%] [32m[1mLinking CXX static library libgmock.a[0m
[ 80%] Built target gmock
[ 86%] [32m[1mLinking CXX shared library librobotiq_hande_driver.so[0m
[ 86%] Built target robotiq_hande_driver
[ 93%] [32mBuilding CXX object CMakeFiles/test_load_hw_interface.dir/test/test_load_hw_interface.cpp.o[0m
[100%] [32m[1mLinking CXX executable test_load_hw_interface[0m
[100%] Built target test_load_hw_interface
-- Install configuration: ""
-- Execute custom install script
-- Symlinking: /home/researcher/ur5_test/install/robotiq_hande_driver/share/robotiq_hande_driver//ros2_control_plugin.xml
-- Symlinking: /home/researcher/ur5_test/install/robotiq_hande_driver/include//robotiq_hande_driver/communication.hpp
-- Symlinking: /home/researcher/ur5_test/install/robotiq_hande_driver/include//robotiq_hande_driver/hande_gripper.hpp
-- Symlinking: /home/researcher/ur5_test/install/robotiq_hande_driver/include//robotiq_hande_driver/hande_hardware_interface.hpp
-- Symlinking: /home/researcher/ur5_test/install/robotiq_hande_driver/include//robotiq_hande_driver/protocol_logic.hpp
-- Symlinking: /home/researcher/ur5_test/install/robotiq_hande_driver/include//robotiq_hande_driver/socat_manager.hpp
-- Symlinking: /home/researcher/ur5_test/install/robotiq_hande_driver/include//robotiq_hande_driver/utils.hpp
-- Symlinking: /home/researcher/ur5_test/install/robotiq_hande_driver/share/robotiq_hande_driver/bringup/config/hande_controller.yaml
-- Symlinking: /home/researcher/ur5_test/install/robotiq_hande_driver/share/robotiq_hande_driver/bringup/config/rviz_preview.rviz
-- Symlinking: /home/researcher/ur5_test/install/robotiq_hande_driver/share/robotiq_hande_driver/bringup/launch/gripper_controller_preview.launch.py
-- Symlinking: /home/researcher/ur5_test/install/robotiq_hande_driver/share/robotiq_hande_driver/environment/library_path.sh
-- Symlinking: /home/researcher/ur5_test/install/robotiq_hande_driver/share/robotiq_hande_driver/environment/library_path.dsv
-- Symlinking: /home/researcher/ur5_test/install/robotiq_hande_driver/share/ament_index/resource_index/package_run_dependencies/robotiq_hande_driver
-- Symlinking: /home/researcher/ur5_test/install/robotiq_hande_driver/share/ament_index/resource_index/parent_prefix_path/robotiq_hande_driver
-- Symlinking: /home/researcher/ur5_test/install/robotiq_hande_driver/share/robotiq_hande_driver/environment/ament_prefix_path.sh
-- Symlinking: /home/researcher/ur5_test/install/robotiq_hande_driver/share/robotiq_hande_driver/environment/ament_prefix_path.dsv
-- Symlinking: /home/researcher/ur5_test/install/robotiq_hande_driver/share/robotiq_hande_driver/environment/path.sh
-- Symlinking: /home/researcher/ur5_test/install/robotiq_hande_driver/share/robotiq_hande_driver/environment/path.dsv
-- Symlinking: /home/researcher/ur5_test/install/robotiq_hande_driver/share/robotiq_hande_driver/local_setup.bash
-- Symlinking: /home/researcher/ur5_test/install/robotiq_hande_driver/share/robotiq_hande_driver/local_setup.sh
-- Symlinking: /home/researcher/ur5_test/install/robotiq_hande_driver/share/robotiq_hande_driver/local_setup.zsh
-- Symlinking: /home/researcher/ur5_test/install/robotiq_hande_driver/share/robotiq_hande_driver/local_setup.dsv
-- Symlinking: /home/researcher/ur5_test/install/robotiq_hande_driver/share/robotiq_hande_driver/package.dsv
-- Symlinking: /home/researcher/ur5_test/install/robotiq_hande_driver/share/ament_index/resource_index/packages/robotiq_hande_driver
-- Symlinking: /home/researcher/ur5_test/install/robotiq_hande_driver/share/ament_index/resource_index/hardware_interface__pluginlib__plugin/robotiq_hande_driver
-- Symlinking: /home/researcher/ur5_test/install/robotiq_hande_driver/share/robotiq_hande_driver/cmake/ament_cmake_export_targets-extras.cmake
-- Symlinking: /home/researcher/ur5_test/install/robotiq_hande_driver/share/robotiq_hande_driver/cmake/ament_cmake_export_dependencies-extras.cmake
-- Symlinking: /home/researcher/ur5_test/install/robotiq_hande_driver/share/robotiq_hande_driver/cmake/robotiq_hande_driverConfig.cmake
-- Symlinking: /home/researcher/ur5_test/install/robotiq_hande_driver/share/robotiq_hande_driver/cmake/robotiq_hande_driverConfig-version.cmake
-- Symlinking: /home/researcher/ur5_test/install/robotiq_hande_driver/share/robotiq_hande_driver/package.xml
-- Installing: /home/researcher/ur5_test/install/robotiq_hande_driver/lib/librobotiq_hande_driver.so
-- Set non-toolchain portion of runtime path of "/home/researcher/ur5_test/install/robotiq_hande_driver/lib/librobotiq_hande_driver.so" to ""
-- Installing: /home/researcher/ur5_test/install/robotiq_hande_driver/share/robotiq_hande_driver/cmake/export_robotiq_hande_driverExport.cmake
-- Installing: /home/researcher/ur5_test/install/robotiq_hande_driver/share/robotiq_hande_driver/cmake/export_robotiq_hande_driverExport-noconfig.cmake
