[0.005s] Invoking command in '/home/researcher/ur5_test/build/robotiq_hande_driver': AMENT_PREFIX_PATH=/home/researcher/ur5_test/install/robotiq_hande_description:${AMENT_PREFIX_PATH} CMAKE_PREFIX_PATH=/home/researcher/ur5_test/install/robotiq_hande_description:/home/researcher/ur5_test/install/ur5_test:/opt/ros/jazzy/opt/sdformat_vendor:/opt/ros/jazzy/opt/gz_math_vendor:/opt/ros/jazzy/opt/gz_utils_vendor:/opt/ros/jazzy/opt/gz_tools_vendor:/opt/ros/jazzy/opt/gz_cmake_vendor:/opt/ros/jazzy DEBUGINFOD_URLS=https://debuginfod.ubuntu.com /usr/bin/cmake /home/researcher/ur5_test/src/robotiq_hande_driver/robotiq_hande_driver -DAMENT_CMAKE_SYMLINK_INSTALL=1 -DCMAKE_INSTALL_PREFIX=/home/researcher/ur5_test/install/robotiq_hande_driver
[0.042s] -- The C compiler identification is GNU 13.3.0
[0.082s] -- The CXX compiler identification is GNU 13.3.0
[0.097s] -- Detecting C compiler ABI info
[0.234s] -- Detecting C compiler ABI info - done
[0.243s] -- Check for working C compiler: /usr/bin/cc - skipped
[0.243s] -- Detecting C compile features
[0.244s] -- Detecting C compile features - done
[0.253s] -- Detecting CXX compiler ABI info
[0.393s] -- Detecting CXX compiler ABI info - done
[0.399s] -- Check for working CXX compiler: /usr/bin/c++ - skipped
[0.399s] -- Detecting CXX compile features
[0.400s] -- Detecting CXX compile features - done
[0.405s] -- Found PkgConfig: /usr/bin/pkg-config (found version "1.8.1") 
[0.405s] -- Checking for module 'libmodbus'
[0.430s] --   Found libmodbus, version 3.1.10
[0.521s] -- Found ament_cmake: 2.5.6 (/opt/ros/jazzy/share/ament_cmake/cmake)
[0.622s] -- Found Python3: /usr/bin/python3 (found version "3.12.3") found components: Interpreter 
[0.670s] -- Override CMake install command with custom implementation using symlinks instead of copying resources
[0.692s] -- Found hardware_interface: 4.44.0 (/opt/ros/jazzy/share/hardware_interface/cmake)
[0.727s] -- Found rosidl_generator_c: 4.6.7 (/opt/ros/jazzy/share/rosidl_generator_c/cmake)
[0.743s] -- Found rosidl_generator_cpp: 4.6.7 (/opt/ros/jazzy/share/rosidl_generator_cpp/cmake)
[0.756s] -- Using all available rosidl_typesupport_c: rosidl_typesupport_fastrtps_c;rosidl_typesupport_introspection_c
[0.770s] -- Using all available rosidl_typesupport_cpp: rosidl_typesupport_fastrtps_cpp;rosidl_typesupport_introspection_cpp
[0.927s] -- Found TinyXML2 via Config file: /usr/lib/x86_64-linux-gnu/cmake/tinyxml2
[0.960s] -- Found rmw_implementation_cmake: 7.3.3 (/opt/ros/jazzy/share/rmw_implementation_cmake/cmake)
[0.963s] -- Found rmw_fastrtps_cpp: 8.4.3 (/opt/ros/jazzy/share/rmw_fastrtps_cpp/cmake)
[0.980s] -- Found TinyXML2 via Config file: /usr/lib/x86_64-linux-gnu/cmake/tinyxml2
[1.058s] -- Found OpenSSL: /usr/lib/x86_64-linux-gnu/libcrypto.so (found version "3.0.13")  
[1.065s] -- Found TinyXML2 via Config file: /usr/lib/x86_64-linux-gnu/cmake/tinyxml2
[1.085s] -- Found FastRTPS: /opt/ros/jazzy/include (Required is at least version "2.13") 
[1.087s] -- Found TinyXML2 via Config file: /usr/lib/x86_64-linux-gnu/cmake/tinyxml2
[1.094s] -- Found TinyXML2 via Config file: /usr/lib/x86_64-linux-gnu/cmake/tinyxml2
[1.103s] -- Using RMW implementation 'rmw_fastrtps_cpp' as default
[1.322s] -- Found ament_cmake_gmock: 2.5.6 (/opt/ros/jazzy/share/ament_cmake_gmock/cmake)
[1.324s] -- Found ros2_control_test_assets: 4.44.0 (/opt/ros/jazzy/share/ros2_control_test_assets/cmake)
[1.326s] -- Found gmock sources under '/opt/ros/jazzy/src/gmock_vendor': C++ tests using 'Google Mock' will be built
[1.330s] -- Found ament_cmake_gtest: 2.5.6 (/opt/ros/jazzy/share/ament_cmake_gtest/cmake)
[1.331s] -- Found gtest sources under '/opt/ros/jazzy/src/gtest_vendor': C++ tests using 'Google Test' will be built
[1.391s] -- Configuring done (1.4s)
[1.416s] -- Generating done (0.0s)
[1.421s] -- Build files have been written to: /home/researcher/ur5_test/build/robotiq_hande_driver
[1.429s] Invoked command in '/home/researcher/ur5_test/build/robotiq_hande_driver' returned '0': AMENT_PREFIX_PATH=/home/researcher/ur5_test/install/robotiq_hande_description:${AMENT_PREFIX_PATH} CMAKE_PREFIX_PATH=/home/researcher/ur5_test/install/robotiq_hande_description:/home/researcher/ur5_test/install/ur5_test:/opt/ros/jazzy/opt/sdformat_vendor:/opt/ros/jazzy/opt/gz_math_vendor:/opt/ros/jazzy/opt/gz_utils_vendor:/opt/ros/jazzy/opt/gz_tools_vendor:/opt/ros/jazzy/opt/gz_cmake_vendor:/opt/ros/jazzy DEBUGINFOD_URLS=https://debuginfod.ubuntu.com /usr/bin/cmake /home/researcher/ur5_test/src/robotiq_hande_driver/robotiq_hande_driver -DAMENT_CMAKE_SYMLINK_INSTALL=1 -DCMAKE_INSTALL_PREFIX=/home/researcher/ur5_test/install/robotiq_hande_driver
[1.430s] Invoking command in '/home/researcher/ur5_test/build/robotiq_hande_driver': AMENT_PREFIX_PATH=/home/researcher/ur5_test/install/robotiq_hande_description:${AMENT_PREFIX_PATH} CMAKE_PREFIX_PATH=/home/researcher/ur5_test/install/robotiq_hande_description:/home/researcher/ur5_test/install/ur5_test:/opt/ros/jazzy/opt/sdformat_vendor:/opt/ros/jazzy/opt/gz_math_vendor:/opt/ros/jazzy/opt/gz_utils_vendor:/opt/ros/jazzy/opt/gz_tools_vendor:/opt/ros/jazzy/opt/gz_cmake_vendor:/opt/ros/jazzy DEBUGINFOD_URLS=https://debuginfod.ubuntu.com /usr/bin/cmake --build /home/researcher/ur5_test/build/robotiq_hande_driver -- -j16 -l16
[1.482s] [ 20%] [32mBuilding CXX object CMakeFiles/robotiq_hande_driver.dir/hardware/src/hande_hardware_interface.cpp.o[0m
[1.482s] [ 20%] [32mBuilding CXX object CMakeFiles/communication_test.dir/test/communication_test.cpp.o[0m
[1.482s] [ 20%] [32mBuilding CXX object gmock/CMakeFiles/gmock.dir/opt/ros/jazzy/src/gtest_vendor/src/gtest-all.cc.o[0m
[1.482s] [ 26%] [32mBuilding CXX object gmock/CMakeFiles/gmock_main.dir/src/gmock_main.cc.o[0m
[1.482s] [ 33%] [32mBuilding CXX object CMakeFiles/robotiq_hande_driver.dir/hardware/src/communication.cpp.o[0m
[1.484s] [ 40%] [32mBuilding CXX object gmock/CMakeFiles/gmock.dir/src/gmock-all.cc.o[0m
[1.484s] [ 46%] [32mBuilding CXX object CMakeFiles/robotiq_hande_driver.dir/hardware/src/protocol_logic.cpp.o[0m
[1.489s] [ 53%] [32mBuilding CXX object CMakeFiles/robotiq_hande_driver.dir/hardware/src/hande_gripper.cpp.o[0m
[1.490s] [ 60%] [32mBuilding CXX object CMakeFiles/robotiq_hande_driver.dir/hardware/src/socat_manager.cpp.o[0m
[1.539s] [ 66%] [32m[1mLinking CXX executable communication_test[0m
[1.571s] [ 66%] Built target communication_test
[2.191s] [ 73%] [32m[1mLinking CXX static library libgmock_main.a[0m
[2.220s] [ 73%] Built target gmock_main
[3.789s] [ 80%] [32m[1mLinking CXX static library libgmock.a[0m
[3.833s] [ 80%] Built target gmock
[4.289s] [ 86%] [32m[1mLinking CXX shared library librobotiq_hande_driver.so[0m
[4.422s] [ 86%] Built target robotiq_hande_driver
[4.439s] [ 93%] [32mBuilding CXX object CMakeFiles/test_load_hw_interface.dir/test/test_load_hw_interface.cpp.o[0m
[6.924s] [100%] [32m[1mLinking CXX executable test_load_hw_interface[0m
[7.107s] [100%] Built target test_load_hw_interface
[7.117s] Invoked command in '/home/researcher/ur5_test/build/robotiq_hande_driver' returned '0': AMENT_PREFIX_PATH=/home/researcher/ur5_test/install/robotiq_hande_description:${AMENT_PREFIX_PATH} CMAKE_PREFIX_PATH=/home/researcher/ur5_test/install/robotiq_hande_description:/home/researcher/ur5_test/install/ur5_test:/opt/ros/jazzy/opt/sdformat_vendor:/opt/ros/jazzy/opt/gz_math_vendor:/opt/ros/jazzy/opt/gz_utils_vendor:/opt/ros/jazzy/opt/gz_tools_vendor:/opt/ros/jazzy/opt/gz_cmake_vendor:/opt/ros/jazzy DEBUGINFOD_URLS=https://debuginfod.ubuntu.com /usr/bin/cmake --build /home/researcher/ur5_test/build/robotiq_hande_driver -- -j16 -l16
[7.118s] Invoking command in '/home/researcher/ur5_test/build/robotiq_hande_driver': AMENT_PREFIX_PATH=/home/researcher/ur5_test/install/robotiq_hande_description:${AMENT_PREFIX_PATH} CMAKE_PREFIX_PATH=/home/researcher/ur5_test/install/robotiq_hande_description:/home/researcher/ur5_test/install/ur5_test:/opt/ros/jazzy/opt/sdformat_vendor:/opt/ros/jazzy/opt/gz_math_vendor:/opt/ros/jazzy/opt/gz_utils_vendor:/opt/ros/jazzy/opt/gz_tools_vendor:/opt/ros/jazzy/opt/gz_cmake_vendor:/opt/ros/jazzy DEBUGINFOD_URLS=https://debuginfod.ubuntu.com /usr/bin/cmake --install /home/researcher/ur5_test/build/robotiq_hande_driver
[7.122s] -- Install configuration: ""
[7.123s] -- Execute custom install script
[7.123s] -- Symlinking: /home/researcher/ur5_test/install/robotiq_hande_driver/share/robotiq_hande_driver//ros2_control_plugin.xml
[7.135s] -- Symlinking: /home/researcher/ur5_test/install/robotiq_hande_driver/include//robotiq_hande_driver/communication.hpp
[7.147s] -- Symlinking: /home/researcher/ur5_test/install/robotiq_hande_driver/include//robotiq_hande_driver/hande_gripper.hpp
[7.158s] -- Symlinking: /home/researcher/ur5_test/install/robotiq_hande_driver/include//robotiq_hande_driver/hande_hardware_interface.hpp
[7.171s] -- Symlinking: /home/researcher/ur5_test/install/robotiq_hande_driver/include//robotiq_hande_driver/protocol_logic.hpp
[7.190s] -- Symlinking: /home/researcher/ur5_test/install/robotiq_hande_driver/include//robotiq_hande_driver/socat_manager.hpp
[7.206s] -- Symlinking: /home/researcher/ur5_test/install/robotiq_hande_driver/include//robotiq_hande_driver/utils.hpp
[7.217s] -- Symlinking: /home/researcher/ur5_test/install/robotiq_hande_driver/share/robotiq_hande_driver/bringup/config/hande_controller.yaml
[7.230s] -- Symlinking: /home/researcher/ur5_test/install/robotiq_hande_driver/share/robotiq_hande_driver/bringup/config/rviz_preview.rviz
[7.245s] -- Symlinking: /home/researcher/ur5_test/install/robotiq_hande_driver/share/robotiq_hande_driver/bringup/launch/gripper_controller_preview.launch.py
[7.259s] -- Symlinking: /home/researcher/ur5_test/install/robotiq_hande_driver/share/robotiq_hande_driver/environment/library_path.sh
[7.269s] -- Symlinking: /home/researcher/ur5_test/install/robotiq_hande_driver/share/robotiq_hande_driver/environment/library_path.dsv
[7.273s] -- Symlinking: /home/researcher/ur5_test/install/robotiq_hande_driver/share/ament_index/resource_index/package_run_dependencies/robotiq_hande_driver
[7.283s] -- Symlinking: /home/researcher/ur5_test/install/robotiq_hande_driver/share/ament_index/resource_index/parent_prefix_path/robotiq_hande_driver
[7.295s] -- Symlinking: /home/researcher/ur5_test/install/robotiq_hande_driver/share/robotiq_hande_driver/environment/ament_prefix_path.sh
[7.307s] -- Symlinking: /home/researcher/ur5_test/install/robotiq_hande_driver/share/robotiq_hande_driver/environment/ament_prefix_path.dsv
[7.324s] -- Symlinking: /home/researcher/ur5_test/install/robotiq_hande_driver/share/robotiq_hande_driver/environment/path.sh
[7.335s] -- Symlinking: /home/researcher/ur5_test/install/robotiq_hande_driver/share/robotiq_hande_driver/environment/path.dsv
[7.353s] -- Symlinking: /home/researcher/ur5_test/install/robotiq_hande_driver/share/robotiq_hande_driver/local_setup.bash
[7.363s] -- Symlinking: /home/researcher/ur5_test/install/robotiq_hande_driver/share/robotiq_hande_driver/local_setup.sh
[7.383s] -- Symlinking: /home/researcher/ur5_test/install/robotiq_hande_driver/share/robotiq_hande_driver/local_setup.zsh
[7.403s] -- Symlinking: /home/researcher/ur5_test/install/robotiq_hande_driver/share/robotiq_hande_driver/local_setup.dsv
[7.421s] -- Symlinking: /home/researcher/ur5_test/install/robotiq_hande_driver/share/robotiq_hande_driver/package.dsv
[7.429s] -- Symlinking: /home/researcher/ur5_test/install/robotiq_hande_driver/share/ament_index/resource_index/packages/robotiq_hande_driver
[7.438s] -- Symlinking: /home/researcher/ur5_test/install/robotiq_hande_driver/share/ament_index/resource_index/hardware_interface__pluginlib__plugin/robotiq_hande_driver
[7.457s] -- Symlinking: /home/researcher/ur5_test/install/robotiq_hande_driver/share/robotiq_hande_driver/cmake/ament_cmake_export_targets-extras.cmake
[7.474s] -- Symlinking: /home/researcher/ur5_test/install/robotiq_hande_driver/share/robotiq_hande_driver/cmake/ament_cmake_export_dependencies-extras.cmake
[7.494s] -- Symlinking: /home/researcher/ur5_test/install/robotiq_hande_driver/share/robotiq_hande_driver/cmake/robotiq_hande_driverConfig.cmake
[7.512s] -- Symlinking: /home/researcher/ur5_test/install/robotiq_hande_driver/share/robotiq_hande_driver/cmake/robotiq_hande_driverConfig-version.cmake
[7.521s] -- Symlinking: /home/researcher/ur5_test/install/robotiq_hande_driver/share/robotiq_hande_driver/package.xml
[7.531s] -- Installing: /home/researcher/ur5_test/install/robotiq_hande_driver/lib/librobotiq_hande_driver.so
[7.533s] -- Set non-toolchain portion of runtime path of "/home/researcher/ur5_test/install/robotiq_hande_driver/lib/librobotiq_hande_driver.so" to ""
[7.534s] -- Installing: /home/researcher/ur5_test/install/robotiq_hande_driver/share/robotiq_hande_driver/cmake/export_robotiq_hande_driverExport.cmake
[7.534s] -- Installing: /home/researcher/ur5_test/install/robotiq_hande_driver/share/robotiq_hande_driver/cmake/export_robotiq_hande_driverExport-noconfig.cmake
[7.538s] Invoked command in '/home/researcher/ur5_test/build/robotiq_hande_driver' returned '0': AMENT_PREFIX_PATH=/home/researcher/ur5_test/install/robotiq_hande_description:${AMENT_PREFIX_PATH} CMAKE_PREFIX_PATH=/home/researcher/ur5_test/install/robotiq_hande_description:/home/researcher/ur5_test/install/ur5_test:/opt/ros/jazzy/opt/sdformat_vendor:/opt/ros/jazzy/opt/gz_math_vendor:/opt/ros/jazzy/opt/gz_utils_vendor:/opt/ros/jazzy/opt/gz_tools_vendor:/opt/ros/jazzy/opt/gz_cmake_vendor:/opt/ros/jazzy DEBUGINFOD_URLS=https://debuginfod.ubuntu.com /usr/bin/cmake --install /home/researcher/ur5_test/build/robotiq_hande_driver
