[0.009s] Invoking command in '/home/researcher/ur5_test/build/robotiq_hande_driver': CMAKE_PREFIX_PATH=/home/researcher/ur5_test/install/robotiq_hande_description:/home/researcher/ur5_test/install/ur5_test:/home/researcher/ur5_test/install/robotiq_hande_driver:/opt/ros/jazzy/opt/sdformat_vendor:/opt/ros/jazzy/opt/gz_math_vendor:/opt/ros/jazzy/opt/gz_utils_vendor:/opt/ros/jazzy/opt/gz_tools_vendor:/opt/ros/jazzy/opt/gz_cmake_vendor:/opt/ros/jazzy DEBUGINFOD_URLS=https://debuginfod.ubuntu.com /usr/bin/cmake --build /home/researcher/ur5_test/build/robotiq_hande_driver -- -j16 -l16
[0.043s] [ 13%] Built target communication_test
[0.043s] [ 26%] Built target gmock_main
[0.044s] [ 46%] Built target gmock
[0.053s] [ 86%] Built target robotiq_hande_driver
[0.075s] [100%] Built target test_load_hw_interface
[0.084s] Invoked command in '/home/researcher/ur5_test/build/robotiq_hande_driver' returned '0': CMAKE_PREFIX_PATH=/home/researcher/ur5_test/install/robotiq_hande_description:/home/researcher/ur5_test/install/ur5_test:/home/researcher/ur5_test/install/robotiq_hande_driver:/opt/ros/jazzy/opt/sdformat_vendor:/opt/ros/jazzy/opt/gz_math_vendor:/opt/ros/jazzy/opt/gz_utils_vendor:/opt/ros/jazzy/opt/gz_tools_vendor:/opt/ros/jazzy/opt/gz_cmake_vendor:/opt/ros/jazzy DEBUGINFOD_URLS=https://debuginfod.ubuntu.com /usr/bin/cmake --build /home/researcher/ur5_test/build/robotiq_hande_driver -- -j16 -l16
[0.085s] Invoking command in '/home/researcher/ur5_test/build/robotiq_hande_driver': CMAKE_PREFIX_PATH=/home/researcher/ur5_test/install/robotiq_hande_description:/home/researcher/ur5_test/install/ur5_test:/home/researcher/ur5_test/install/robotiq_hande_driver:/opt/ros/jazzy/opt/sdformat_vendor:/opt/ros/jazzy/opt/gz_math_vendor:/opt/ros/jazzy/opt/gz_utils_vendor:/opt/ros/jazzy/opt/gz_tools_vendor:/opt/ros/jazzy/opt/gz_cmake_vendor:/opt/ros/jazzy DEBUGINFOD_URLS=https://debuginfod.ubuntu.com /usr/bin/cmake --install /home/researcher/ur5_test/build/robotiq_hande_driver
[0.091s] -- Install configuration: ""
[0.091s] -- Execute custom install script
[0.091s] -- Up-to-date symlink: /home/researcher/ur5_test/install/robotiq_hande_driver/share/robotiq_hande_driver//ros2_control_plugin.xml
[0.091s] -- Up-to-date symlink: /home/researcher/ur5_test/install/robotiq_hande_driver/include//robotiq_hande_driver/communication.hpp
[0.091s] -- Up-to-date symlink: /home/researcher/ur5_test/install/robotiq_hande_driver/include//robotiq_hande_driver/hande_gripper.hpp
[0.092s] -- Up-to-date symlink: /home/researcher/ur5_test/install/robotiq_hande_driver/include//robotiq_hande_driver/hande_hardware_interface.hpp
[0.092s] -- Up-to-date symlink: /home/researcher/ur5_test/install/robotiq_hande_driver/include//robotiq_hande_driver/protocol_logic.hpp
[0.092s] -- Up-to-date symlink: /home/researcher/ur5_test/install/robotiq_hande_driver/include//robotiq_hande_driver/socat_manager.hpp
[0.092s] -- Up-to-date symlink: /home/researcher/ur5_test/install/robotiq_hande_driver/include//robotiq_hande_driver/utils.hpp
[0.092s] -- Up-to-date symlink: /home/researcher/ur5_test/install/robotiq_hande_driver/share/robotiq_hande_driver/bringup/config/hande_controller.yaml
[0.092s] -- Up-to-date symlink: /home/researcher/ur5_test/install/robotiq_hande_driver/share/robotiq_hande_driver/bringup/config/rviz_preview.rviz
[0.092s] -- Up-to-date symlink: /home/researcher/ur5_test/install/robotiq_hande_driver/share/robotiq_hande_driver/bringup/launch/gripper_controller_preview.launch.py
[0.092s] -- Up-to-date symlink: /home/researcher/ur5_test/install/robotiq_hande_driver/share/robotiq_hande_driver/environment/library_path.sh
[0.092s] -- Up-to-date symlink: /home/researcher/ur5_test/install/robotiq_hande_driver/share/robotiq_hande_driver/environment/library_path.dsv
[0.092s] -- Up-to-date symlink: /home/researcher/ur5_test/install/robotiq_hande_driver/share/ament_index/resource_index/package_run_dependencies/robotiq_hande_driver
[0.092s] -- Up-to-date symlink: /home/researcher/ur5_test/install/robotiq_hande_driver/share/ament_index/resource_index/parent_prefix_path/robotiq_hande_driver
[0.092s] -- Up-to-date symlink: /home/researcher/ur5_test/install/robotiq_hande_driver/share/robotiq_hande_driver/environment/ament_prefix_path.sh
[0.092s] -- Up-to-date symlink: /home/researcher/ur5_test/install/robotiq_hande_driver/share/robotiq_hande_driver/environment/ament_prefix_path.dsv
[0.093s] -- Up-to-date symlink: /home/researcher/ur5_test/install/robotiq_hande_driver/share/robotiq_hande_driver/environment/path.sh
[0.093s] -- Up-to-date symlink: /home/researcher/ur5_test/install/robotiq_hande_driver/share/robotiq_hande_driver/environment/path.dsv
[0.093s] -- Up-to-date symlink: /home/researcher/ur5_test/install/robotiq_hande_driver/share/robotiq_hande_driver/local_setup.bash
[0.093s] -- Up-to-date symlink: /home/researcher/ur5_test/install/robotiq_hande_driver/share/robotiq_hande_driver/local_setup.sh
[0.093s] -- Up-to-date symlink: /home/researcher/ur5_test/install/robotiq_hande_driver/share/robotiq_hande_driver/local_setup.zsh
[0.093s] -- Up-to-date symlink: /home/researcher/ur5_test/install/robotiq_hande_driver/share/robotiq_hande_driver/local_setup.dsv
[0.093s] -- Symlinking: /home/researcher/ur5_test/install/robotiq_hande_driver/share/robotiq_hande_driver/package.dsv
[0.101s] -- Up-to-date symlink: /home/researcher/ur5_test/install/robotiq_hande_driver/share/ament_index/resource_index/packages/robotiq_hande_driver
[0.101s] -- Up-to-date symlink: /home/researcher/ur5_test/install/robotiq_hande_driver/share/ament_index/resource_index/hardware_interface__pluginlib__plugin/robotiq_hande_driver
[0.101s] -- Up-to-date symlink: /home/researcher/ur5_test/install/robotiq_hande_driver/share/robotiq_hande_driver/cmake/ament_cmake_export_targets-extras.cmake
[0.101s] -- Up-to-date symlink: /home/researcher/ur5_test/install/robotiq_hande_driver/share/robotiq_hande_driver/cmake/ament_cmake_export_dependencies-extras.cmake
[0.101s] -- Up-to-date symlink: /home/researcher/ur5_test/install/robotiq_hande_driver/share/robotiq_hande_driver/cmake/robotiq_hande_driverConfig.cmake
[0.101s] -- Up-to-date symlink: /home/researcher/ur5_test/install/robotiq_hande_driver/share/robotiq_hande_driver/cmake/robotiq_hande_driverConfig-version.cmake
[0.101s] -- Up-to-date symlink: /home/researcher/ur5_test/install/robotiq_hande_driver/share/robotiq_hande_driver/package.xml
[0.102s] -- Up-to-date: /home/researcher/ur5_test/install/robotiq_hande_driver/lib/librobotiq_hande_driver.so
[0.102s] -- Up-to-date: /home/researcher/ur5_test/install/robotiq_hande_driver/share/robotiq_hande_driver/cmake/export_robotiq_hande_driverExport.cmake
[0.102s] -- Up-to-date: /home/researcher/ur5_test/install/robotiq_hande_driver/share/robotiq_hande_driver/cmake/export_robotiq_hande_driverExport-noconfig.cmake
[0.103s] Invoked command in '/home/researcher/ur5_test/build/robotiq_hande_driver' returned '0': CMAKE_PREFIX_PATH=/home/researcher/ur5_test/install/robotiq_hande_description:/home/researcher/ur5_test/install/ur5_test:/home/researcher/ur5_test/install/robotiq_hande_driver:/opt/ros/jazzy/opt/sdformat_vendor:/opt/ros/jazzy/opt/gz_math_vendor:/opt/ros/jazzy/opt/gz_utils_vendor:/opt/ros/jazzy/opt/gz_tools_vendor:/opt/ros/jazzy/opt/gz_cmake_vendor:/opt/ros/jazzy DEBUGINFOD_URLS=https://debuginfod.ubuntu.com /usr/bin/cmake --install /home/researcher/ur5_test/build/robotiq_hande_driver
