[0.013s] Invoking command in '/home/researcher/ur5_test/build/robotiq_hande_description': CMAKE_PREFIX_PATH=${CMAKE_PREFIX_PATH}:/opt/ros/jazzy DEBUGINFOD_URLS=https://debuginfod.ubuntu.com /usr/bin/cmake --build /home/researcher/ur5_test/build/robotiq_hande_description -- -j16 -l16
[0.045s] Invoked command in '/home/researcher/ur5_test/build/robotiq_hande_description' returned '0': CMAKE_PREFIX_PATH=${CMAKE_PREFIX_PATH}:/opt/ros/jazzy DEBUGINFOD_URLS=https://debuginfod.ubuntu.com /usr/bin/cmake --build /home/researcher/ur5_test/build/robotiq_hande_description -- -j16 -l16
[0.051s] Invoking command in '/home/researcher/ur5_test/build/robotiq_hande_description': CMAKE_PREFIX_PATH=${CMAKE_PREFIX_PATH}:/opt/ros/jazzy DEBUGINFOD_URLS=https://debuginfod.ubuntu.com /usr/bin/cmake --install /home/researcher/ur5_test/build/robotiq_hande_description
[0.059s] -- Install configuration: ""
[0.060s] -- Execute custom install script
[0.060s] -- Up-to-date symlink: /home/researcher/ur5_test/install/robotiq_hande_description/share/robotiq_hande_description/launch/display.launch.py
[0.061s] -- Up-to-date symlink: /home/researcher/ur5_test/install/robotiq_hande_description/share/robotiq_hande_description/meshes/finger.dae
[0.061s] -- Up-to-date symlink: /home/researcher/ur5_test/install/robotiq_hande_description/share/robotiq_hande_description/meshes/finger_collision.dae
[0.061s] -- Up-to-date symlink: /home/researcher/ur5_test/install/robotiq_hande_description/share/robotiq_hande_description/meshes/hande.dae
[0.062s] -- Up-to-date symlink: /home/researcher/ur5_test/install/robotiq_hande_description/share/robotiq_hande_description/meshes/io_coupler.dae
[0.062s] -- Up-to-date symlink: /home/researcher/ur5_test/install/robotiq_hande_description/share/robotiq_hande_description/rviz/urdf.rviz
[0.063s] -- Up-to-date symlink: /home/researcher/ur5_test/install/robotiq_hande_description/share/robotiq_hande_description/urdf/cylinder_inertial.xacro
[0.063s] -- Up-to-date symlink: /home/researcher/ur5_test/install/robotiq_hande_description/share/robotiq_hande_description/urdf/robotiq_hande_gripper.ros2_control.xacro
[0.063s] -- Up-to-date symlink: /home/researcher/ur5_test/install/robotiq_hande_description/share/robotiq_hande_description/urdf/robotiq_hande_gripper.urdf.xacro
[0.063s] -- Up-to-date symlink: /home/researcher/ur5_test/install/robotiq_hande_description/share/robotiq_hande_description/urdf/robotiq_hande_gripper.xacro
[0.063s] -- Up-to-date symlink: /home/researcher/ur5_test/install/robotiq_hande_description/share/ament_index/resource_index/package_run_dependencies/robotiq_hande_description
[0.063s] -- Up-to-date symlink: /home/researcher/ur5_test/install/robotiq_hande_description/share/ament_index/resource_index/parent_prefix_path/robotiq_hande_description
[0.064s] -- Up-to-date symlink: /home/researcher/ur5_test/install/robotiq_hande_description/share/robotiq_hande_description/environment/ament_prefix_path.sh
[0.064s] -- Up-to-date symlink: /home/researcher/ur5_test/install/robotiq_hande_description/share/robotiq_hande_description/environment/ament_prefix_path.dsv
[0.064s] -- Up-to-date symlink: /home/researcher/ur5_test/install/robotiq_hande_description/share/robotiq_hande_description/environment/path.sh
[0.065s] -- Up-to-date symlink: /home/researcher/ur5_test/install/robotiq_hande_description/share/robotiq_hande_description/environment/path.dsv
[0.065s] -- Up-to-date symlink: /home/researcher/ur5_test/install/robotiq_hande_description/share/robotiq_hande_description/local_setup.bash
[0.065s] -- Up-to-date symlink: /home/researcher/ur5_test/install/robotiq_hande_description/share/robotiq_hande_description/local_setup.sh
[0.065s] -- Up-to-date symlink: /home/researcher/ur5_test/install/robotiq_hande_description/share/robotiq_hande_description/local_setup.zsh
[0.065s] -- Up-to-date symlink: /home/researcher/ur5_test/install/robotiq_hande_description/share/robotiq_hande_description/local_setup.dsv
[0.065s] -- Symlinking: /home/researcher/ur5_test/install/robotiq_hande_description/share/robotiq_hande_description/package.dsv
[0.075s] -- Up-to-date symlink: /home/researcher/ur5_test/install/robotiq_hande_description/share/ament_index/resource_index/packages/robotiq_hande_description
[0.075s] -- Up-to-date symlink: /home/researcher/ur5_test/install/robotiq_hande_description/share/robotiq_hande_description/cmake/robotiq_hande_descriptionConfig.cmake
[0.075s] -- Up-to-date symlink: /home/researcher/ur5_test/install/robotiq_hande_description/share/robotiq_hande_description/cmake/robotiq_hande_descriptionConfig-version.cmake
[0.075s] -- Up-to-date symlink: /home/researcher/ur5_test/install/robotiq_hande_description/share/robotiq_hande_description/package.xml
[0.077s] Invoked command in '/home/researcher/ur5_test/build/robotiq_hande_description' returned '0': CMAKE_PREFIX_PATH=${CMAKE_PREFIX_PATH}:/opt/ros/jazzy DEBUGINFOD_URLS=https://debuginfod.ubuntu.com /usr/bin/cmake --install /home/researcher/ur5_test/build/robotiq_hande_description
